2016-08-27 09:46:40: SELECT * FROM roguewarrior.results ORDER BY fight_id DESC LIMIT 50; | 0.016846
2016-08-27 09:46:40: SELECT warrior_rank FROM roguewarrior.warrior WHERE warrior_id = 2190; | 0.013064
2016-08-27 09:46:40: SELECT warrior_name FROM roguewarrior.warrior WHERE warrior_id = 2190; | 0.012976
2016-08-27 09:46:40: SELECT warrior_rank FROM roguewarrior.warrior WHERE warrior_id = 2205; | 0.012805
2016-08-27 09:46:40: SELECT warrior_name FROM roguewarrior.warrior WHERE warrior_id = 2205; | 0.004006
2016-08-27 09:46:40: SELECT warrior_rank FROM roguewarrior.warrior WHERE warrior_id = 2208; | 0.012461
2016-08-27 09:46:40: SELECT warrior_name FROM roguewarrior.warrior WHERE warrior_id = 2208; | 0.012817
2016-08-27 09:46:40: SELECT warrior_rank FROM roguewarrior.warrior WHERE warrior_id = 1799; | 0.004104
2016-08-27 09:46:41: SELECT warrior_name FROM roguewarrior.warrior WHERE warrior_id = 1799; | 0.014187
2016-08-27 09:46:41: SELECT warrior_rank FROM roguewarrior.warrior WHERE warrior_id = 2099; | 0.004
2016-08-27 09:46:41: SELECT warrior_name FROM roguewarrior.warrior WHERE warrior_id = 2099; | 0.012332
2016-08-27 09:46:41: SELECT warrior_rank FROM roguewarrior.warrior WHERE warrior_id = 2134; | 0.013149
2016-08-27 09:46:41: SELECT warrior_name FROM roguewarrior.warrior WHERE warrior_id = 2134; | 0.013028
2016-08-27 09:46:41: SELECT warrior_rank FROM roguewarrior.warrior WHERE warrior_id = 2205; | 0.012187
2016-08-27 09:46:41: SELECT warrior_name FROM roguewarrior.warrior WHERE warrior_id = 2205; | 0.012384
2016-08-27 09:46:41: SELECT warrior_rank FROM roguewarrior.warrior WHERE warrior_id = 2203; | 0.012259
2016-08-27 09:46:41: SELECT warrior_name FROM roguewarrior.warrior WHERE warrior_id = 2203; | 0.013321
2016-08-27 09:46:41: SELECT warrior_rank FROM roguewarrior.warrior WHERE warrior_id = 2197; | 0.012929
2016-08-27 09:46:41: SELECT warrior_name FROM roguewarrior.warrior WHERE warrior_id = 2197; | 0.012435
2016-08-27 09:46:41: SELECT warrior_rank FROM roguewarrior.warrior WHERE warrior_id = 2181; | 0.013447
2016-08-27 09:46:41: SELECT warrior_name FROM roguewarrior.warrior WHERE warrior_id = 2181; | 0.013344
2016-08-27 09:46:41: SELECT warrior_rank FROM roguewarrior.warrior WHERE warrior_id = 2201; | 0.004482
2016-08-27 09:46:41: SELECT warrior_name FROM roguewarrior.warrior WHERE warrior_id = 2201; | 0.005967
2016-08-27 09:46:41: SELECT warrior_rank FROM roguewarrior.warrior WHERE warrior_id = 2151; | 0.004267
2016-08-27 09:46:41: SELECT warrior_name FROM roguewarrior.warrior WHERE warrior_id = 2151; | 0.004531
2016-08-27 09:46:41: SELECT warrior_rank FROM roguewarrior.warrior WHERE warrior_id = 2188; | 0.004579
2016-08-27 09:46:41: SELECT warrior_name FROM roguewarrior.warrior WHERE warrior_id = 2188; | 0.002794
2016-08-27 09:46:41: SELECT warrior_rank FROM roguewarrior.warrior WHERE warrior_id = 2189; | 0.001804
2016-08-27 09:46:41: SELECT warrior_name FROM roguewarrior.warrior WHERE warrior_id = 2189; | 0.001705
2016-08-27 09:46:41: SELECT warrior_rank FROM roguewarrior.warrior WHERE warrior_id = 2190; | 0.001884
2016-08-27 09:46:41: SELECT warrior_name FROM roguewarrior.warrior WHERE warrior_id = 2190; | 0.001852
2016-08-27 09:46:41: SELECT warrior_rank FROM roguewarrior.warrior WHERE warrior_id = 2164; | 0.001956
2016-08-27 09:46:41: SELECT warrior_name FROM roguewarrior.warrior WHERE warrior_id = 2164; | 0.001736
2016-08-27 09:46:41: SELECT warrior_rank FROM roguewarrior.warrior WHERE warrior_id = 2197; | 0.001517
2016-08-27 09:46:41: SELECT warrior_name FROM roguewarrior.warrior WHERE warrior_id = 2197; | 0.011221
2016-08-27 09:46:41: SELECT warrior_rank FROM roguewarrior.warrior WHERE warrior_id = 2178; | 0.001871
2016-08-27 09:46:41: SELECT warrior_name FROM roguewarrior.warrior WHERE warrior_id = 2178; | 0.010142
2016-08-27 09:46:41: SELECT warrior_rank FROM roguewarrior.warrior WHERE warrior_id = 2201; | 0.001115
2016-08-27 09:46:41: SELECT warrior_name FROM roguewarrior.warrior WHERE warrior_id = 2201; | 0.010449
2016-08-27 09:46:41: SELECT warrior_rank FROM roguewarrior.warrior WHERE warrior_id = 2195; | 0.001088
2016-08-27 09:46:41: SELECT warrior_name FROM roguewarrior.warrior WHERE warrior_id = 2195; | 0.010426
2016-08-27 09:46:41: SELECT warrior_rank FROM roguewarrior.warrior WHERE warrior_id = 1799; | 0.001158
2016-08-27 09:46:41: SELECT warrior_name FROM roguewarrior.warrior WHERE warrior_id = 1799; | 0.00099300000000002
2016-08-27 09:46:41: SELECT warrior_rank FROM roguewarrior.warrior WHERE warrior_id = 2157; | 0.000946
2016-08-27 09:46:41: SELECT warrior_name FROM roguewarrior.warrior WHERE warrior_id = 2157; | 0.00093500000000002
2016-08-27 09:46:41: SELECT warrior_rank FROM roguewarrior.warrior WHERE warrior_id = 2144; | 0.001015
2016-08-27 09:46:41: SELECT warrior_name FROM roguewarrior.warrior WHERE warrior_id = 2144; | 0.01153
2016-08-27 09:46:41: SELECT warrior_rank FROM roguewarrior.warrior WHERE warrior_id = 2194; | 0.001105
2016-08-27 09:46:41: SELECT warrior_name FROM roguewarrior.warrior WHERE warrior_id = 2194; | 0.00096000000000007
2016-08-27 09:46:41: SELECT warrior_rank FROM roguewarrior.warrior WHERE warrior_id = 2185; | 0.0010990000000001
2016-08-27 09:46:41: SELECT warrior_name FROM roguewarrior.warrior WHERE warrior_id = 2185; | 0.001166
2016-08-27 09:46:41: SELECT warrior_rank FROM roguewarrior.warrior WHERE warrior_id = 2198; | 0.0010640000000001
2016-08-27 09:46:41: SELECT warrior_name FROM roguewarrior.warrior WHERE warrior_id = 2198; | 0.001038
2016-08-27 09:46:41: SELECT warrior_rank FROM roguewarrior.warrior WHERE warrior_id = 2157; | 0.001189
2016-08-27 09:46:41: SELECT warrior_name FROM roguewarrior.warrior WHERE warrior_id = 2157; | 0.0011540000000001
2016-08-27 09:46:41: SELECT warrior_rank FROM roguewarrior.warrior WHERE warrior_id = 2184; | 0.001474
2016-08-27 09:46:41: SELECT warrior_name FROM roguewarrior.warrior WHERE warrior_id = 2184; | 0.001703
2016-08-27 09:46:41: SELECT warrior_rank FROM roguewarrior.warrior WHERE warrior_id = 1946; | 0.011008
2016-08-27 09:46:41: SELECT warrior_name FROM roguewarrior.warrior WHERE warrior_id = 1946; | 0.010742
2016-08-27 09:46:41: SELECT warrior_rank FROM roguewarrior.warrior WHERE warrior_id = 2179; | 0.010829
2016-08-27 09:46:41: SELECT warrior_name FROM roguewarrior.warrior WHERE warrior_id = 2179; | 0.010746
2016-08-27 09:46:41: SELECT warrior_rank FROM roguewarrior.warrior WHERE warrior_id = 2185; | 0.011061
2016-08-27 09:46:41: SELECT warrior_name FROM roguewarrior.warrior WHERE warrior_id = 2185; | 0.011584
2016-08-27 09:46:41: SELECT warrior_rank FROM roguewarrior.warrior WHERE warrior_id = 2168; | 0.011542
2016-08-27 09:46:41: SELECT warrior_name FROM roguewarrior.warrior WHERE warrior_id = 2168; | 0.002476
2016-08-27 09:46:41: SELECT warrior_rank FROM roguewarrior.warrior WHERE warrior_id = 2181; | 0.010594
2016-08-27 09:46:41: SELECT warrior_name FROM roguewarrior.warrior WHERE warrior_id = 2181; | 0.010746
2016-08-27 09:46:41: SELECT warrior_rank FROM roguewarrior.warrior WHERE warrior_id = 2191; | 0.011637
2016-08-27 09:46:42: SELECT warrior_name FROM roguewarrior.warrior WHERE warrior_id = 2191; | 0.00186
2016-08-27 09:46:42: SELECT warrior_rank FROM roguewarrior.warrior WHERE warrior_id = 2144; | 0.002801
2016-08-27 09:46:42: SELECT warrior_name FROM roguewarrior.warrior WHERE warrior_id = 2144; | 0.011446
2016-08-27 09:46:42: SELECT warrior_rank FROM roguewarrior.warrior WHERE warrior_id = 2175; | 0.011061
2016-08-27 09:46:42: SELECT warrior_name FROM roguewarrior.warrior WHERE warrior_id = 2175; | 0.010853
2016-08-27 09:46:42: SELECT warrior_rank FROM roguewarrior.warrior WHERE warrior_id = 2185; | 0.011817
2016-08-27 09:46:42: SELECT warrior_name FROM roguewarrior.warrior WHERE warrior_id = 2185; | 0.014244
2016-08-27 09:46:42: SELECT warrior_rank FROM roguewarrior.warrior WHERE warrior_id = 2085; | 0.004173
2016-08-27 09:46:42: SELECT warrior_name FROM roguewarrior.warrior WHERE warrior_id = 2085; | 0.01276
2016-08-27 09:46:42: SELECT warrior_rank FROM roguewarrior.warrior WHERE warrior_id = 2085; | 0.013209
2016-08-27 09:46:42: SELECT warrior_name FROM roguewarrior.warrior WHERE warrior_id = 2085; | 0.012901
2016-08-27 09:46:42: SELECT warrior_rank FROM roguewarrior.warrior WHERE warrior_id = 2177; | 0.012179
2016-08-27 09:46:42: SELECT warrior_name FROM roguewarrior.warrior WHERE warrior_id = 2177; | 0.01225
2016-08-27 09:46:42: SELECT warrior_rank FROM roguewarrior.warrior WHERE warrior_id = 2168; | 0.012994
2016-08-27 09:46:42: SELECT warrior_name FROM roguewarrior.warrior WHERE warrior_id = 2168; | 0.004158
2016-08-27 09:46:42: SELECT warrior_rank FROM roguewarrior.warrior WHERE warrior_id = 2176; | 0.013116
2016-08-27 09:46:42: SELECT warrior_name FROM roguewarrior.warrior WHERE warrior_id = 2176; | 0.014056
2016-08-27 09:46:42: SELECT warrior_rank FROM roguewarrior.warrior WHERE warrior_id = 2085; | 0.0043529999999999
2016-08-27 09:46:42: SELECT warrior_name FROM roguewarrior.warrior WHERE warrior_id = 2085; | 0.012051
2016-08-27 09:46:42: SELECT warrior_rank FROM roguewarrior.warrior WHERE warrior_id = 2182; | 0.011539
2016-08-27 09:46:42: SELECT warrior_name FROM roguewarrior.warrior WHERE warrior_id = 2182; | 0.013098
2016-08-27 09:46:42: SELECT warrior_rank FROM roguewarrior.warrior WHERE warrior_id = 2157; | 0.013128
2016-08-27 09:46:42: SELECT warrior_name FROM roguewarrior.warrior WHERE warrior_id = 2157; | 0.003939
2016-08-27 09:46:42: SELECT warrior_rank FROM roguewarrior.warrior WHERE warrior_id = 2187; | 0.012659
2016-08-27 09:46:42: SELECT warrior_name FROM roguewarrior.warrior WHERE warrior_id = 2187; | 0.004823
2016-08-27 09:46:42: SELECT warrior_rank FROM roguewarrior.warrior WHERE warrior_id = 2188; | 0.013165
2016-08-27 09:46:42: SELECT warrior_name FROM roguewarrior.warrior WHERE warrior_id = 2188; | 0.012866
2016-08-27 09:46:42: SELECT warrior_rank FROM roguewarrior.warrior WHERE warrior_id = 2171; | 0.012179
2016-08-27 09:46:42: SELECT warrior_name FROM roguewarrior.warrior WHERE warrior_id = 2171; | 0.010852
2016-08-27 09:46:42: SELECT warrior_rank FROM roguewarrior.warrior WHERE warrior_id = 2184; | 0.010814
2016-08-27 09:46:42: SELECT warrior_name FROM roguewarrior.warrior WHERE warrior_id = 2184; | 0.010652
2016-08-27 09:46:42: SELECT warrior_rank FROM roguewarrior.warrior WHERE warrior_id = 2186; | 0.010787
2016-08-27 09:46:42: SELECT warrior_name FROM roguewarrior.warrior WHERE warrior_id = 2186; | 0.010798
2016-08-27 09:46:42: SELECT warrior_rank FROM roguewarrior.warrior WHERE warrior_id = 2185; | 0.01079
2016-08-27 09:46:42: SELECT warrior_name FROM roguewarrior.warrior WHERE warrior_id = 2185; | 0.003066
2016-08-27 09:46:42: SELECT warrior_rank FROM roguewarrior.warrior WHERE warrior_id = 2110; | 0.011956
2016-08-27 09:46:42: SELECT warrior_name FROM roguewarrior.warrior WHERE warrior_id = 2110; | 0.003405
2016-08-27 09:46:42: SELECT warrior_rank FROM roguewarrior.warrior WHERE warrior_id = 2110; | 0.0035649999999999
2016-08-27 09:46:42: SELECT warrior_name FROM roguewarrior.warrior WHERE warrior_id = 2110; | 0.012129
2016-08-27 09:46:42: SELECT warrior_rank FROM roguewarrior.warrior WHERE warrior_id = 2167; | 0.010297
2016-08-27 09:46:42: SELECT warrior_name FROM roguewarrior.warrior WHERE warrior_id = 2167; | 0.001424
2016-08-27 09:46:42: SELECT warrior_rank FROM roguewarrior.warrior WHERE warrior_id = 2144; | 0.001555
2016-08-27 09:46:42: SELECT warrior_name FROM roguewarrior.warrior WHERE warrior_id = 2144; | 0.001646
2016-08-27 09:46:42: SELECT warrior_rank FROM roguewarrior.warrior WHERE warrior_id = 2183; | 0.001498
2016-08-27 09:46:42: SELECT warrior_name FROM roguewarrior.warrior WHERE warrior_id = 2183; | 0.001622
2016-08-27 09:46:42: SELECT warrior_rank FROM roguewarrior.warrior WHERE warrior_id = 2110; | 0.001568
2016-08-27 09:46:42: SELECT warrior_name FROM roguewarrior.warrior WHERE warrior_id = 2110; | 0.0014380000000001
2016-08-27 09:46:42: SELECT warrior_rank FROM roguewarrior.warrior WHERE warrior_id = 2160; | 0.0014120000000001
2016-08-27 09:46:42: SELECT warrior_name FROM roguewarrior.warrior WHERE warrior_id = 2160; | 0.00141
2016-08-27 09:46:42: SELECT warrior_rank FROM roguewarrior.warrior WHERE warrior_id = 2175; | 0.0014299999999999
2016-08-27 09:46:42: SELECT warrior_name FROM roguewarrior.warrior WHERE warrior_id = 2175; | 0.001414
2016-08-27 09:46:42: SELECT warrior_rank FROM roguewarrior.warrior WHERE warrior_id = 2170; | 0.001574
2016-08-27 09:46:42: SELECT warrior_name FROM roguewarrior.warrior WHERE warrior_id = 2170; | 0.0014540000000001
2016-08-27 09:46:42: SELECT warrior_rank FROM roguewarrior.warrior WHERE warrior_id = 2142; | 0.0015949999999999
2016-08-27 09:46:42: SELECT warrior_name FROM roguewarrior.warrior WHERE warrior_id = 2142; | 0.001485
2016-08-27 09:46:42: SELECT warrior_rank FROM roguewarrior.warrior WHERE warrior_id = 2180; | 0.001445
2016-08-27 09:46:42: SELECT warrior_name FROM roguewarrior.warrior WHERE warrior_id = 2180; | 0.001474
2016-08-27 09:46:42: SELECT warrior_rank FROM roguewarrior.warrior WHERE warrior_id = 2164; | 0.0015240000000001
2016-08-27 09:46:42: SELECT warrior_name FROM roguewarrior.warrior WHERE warrior_id = 2164; | 0.001429
2016-08-27 09:46:42: SELECT warrior_rank FROM roguewarrior.warrior WHERE warrior_id = 2172; | 0.00141
2016-08-27 09:46:42: SELECT warrior_name FROM roguewarrior.warrior WHERE warrior_id = 2172; | 0.001682
2016-08-27 09:46:42: SELECT warrior_rank FROM roguewarrior.warrior WHERE warrior_id = 2176; | 0.001749
2016-08-27 09:46:42: SELECT warrior_name FROM roguewarrior.warrior WHERE warrior_id = 2176; | 0.0015350000000001
2016-08-27 09:46:42: SELECT warrior_rank FROM roguewarrior.warrior WHERE warrior_id = 2146; | 0.00093299999999996
2016-08-27 09:46:42: SELECT warrior_name FROM roguewarrior.warrior WHERE warrior_id = 2146; | 0.00097199999999997
2016-08-27 09:46:42: SELECT warrior_rank FROM roguewarrior.warrior WHERE warrior_id = 2085; | 0.0010239999999999
2016-08-27 09:46:42: SELECT warrior_name FROM roguewarrior.warrior WHERE warrior_id = 2085; | 0.0010650000000001
2016-08-27 09:46:42: SELECT warrior_rank FROM roguewarrior.warrior WHERE warrior_id = 2173; | 0.00096900000000011
2016-08-27 09:46:42: SELECT warrior_name FROM roguewarrior.warrior WHERE warrior_id = 2173; | 0.00097099999999994
2016-08-27 09:46:42: SELECT warrior_rank FROM roguewarrior.warrior WHERE warrior_id = 2168; | 0.0011249999999999
2016-08-27 09:46:42: SELECT warrior_name FROM roguewarrior.warrior WHERE warrior_id = 2168; | 0.0012420000000001
2016-08-27 09:46:42: SELECT warrior_rank FROM roguewarrior.warrior WHERE warrior_id = 2174; | 0.0012989999999999
2016-08-27 09:46:42: SELECT warrior_name FROM roguewarrior.warrior WHERE warrior_id = 2174; | 0.001156
2016-08-27 09:46:42: SELECT warrior_rank FROM roguewarrior.warrior WHERE warrior_id = 1900; | 0.001515
2016-08-27 09:46:42: SELECT warrior_name FROM roguewarrior.warrior WHERE warrior_id = 1900; | 0.001286
2016-08-27 09:46:42: SELECT warrior_rank FROM roguewarrior.warrior WHERE warrior_id = 2165; | 0.0012540000000001
2016-08-27 09:46:42: SELECT warrior_name FROM roguewarrior.warrior WHERE warrior_id = 2165; | 0.010855
2016-08-27 09:46:42: SELECT warrior_rank FROM roguewarrior.warrior WHERE warrior_id = 2168; | 0.001368
2016-08-27 09:46:42: SELECT warrior_name FROM roguewarrior.warrior WHERE warrior_id = 2168; | 0.001254
2016-08-27 09:46:42: SELECT warrior_rank FROM roguewarrior.warrior WHERE warrior_id = 2166; | 0.001366
2016-08-27 09:46:42: SELECT warrior_name FROM roguewarrior.warrior WHERE warrior_id = 2166; | 0.0012529999999999
2016-08-27 09:46:42: SELECT warrior_rank FROM roguewarrior.warrior WHERE warrior_id = 2168; | 0.001284
2016-08-27 09:46:42: SELECT warrior_name FROM roguewarrior.warrior WHERE warrior_id = 2168; | 0.001328
2016-08-27 09:46:42: SELECT warrior_rank FROM roguewarrior.warrior WHERE warrior_id = 2149; | 0.001325
2016-08-27 09:46:42: SELECT warrior_name FROM roguewarrior.warrior WHERE warrior_id = 2149; | 0.0012629999999999
2016-08-27 09:46:42: SELECT warrior_rank FROM roguewarrior.warrior WHERE warrior_id = 2173; | 0.001394
2016-08-27 09:46:42: SELECT warrior_name FROM roguewarrior.warrior WHERE warrior_id = 2173; | -0.99861
2016-08-27 09:46:43: SELECT warrior_rank FROM roguewarrior.warrior WHERE warrior_id = 2118; | 0.001248
2016-08-27 09:46:43: SELECT warrior_name FROM roguewarrior.warrior WHERE warrior_id = 2118; | 0.001104
2016-08-27 09:46:43: SELECT warrior_rank FROM roguewarrior.warrior WHERE warrior_id = 2142; | 0.00103
2016-08-27 09:46:43: SELECT warrior_name FROM roguewarrior.warrior WHERE warrior_id = 2142; | 0.000962
2016-08-27 09:46:43: SELECT warrior_rank FROM roguewarrior.warrior WHERE warrior_id = 2139; | 0.000915
2016-08-27 09:46:43: SELECT warrior_name FROM roguewarrior.warrior WHERE warrior_id = 2139; | 0.000885
2016-08-27 09:46:43: SELECT warrior_rank FROM roguewarrior.warrior WHERE warrior_id = 2160; | 0.000855
2016-08-27 09:46:43: SELECT warrior_name FROM roguewarrior.warrior WHERE warrior_id = 2160; | 0.000917
2016-08-27 09:46:43: SELECT warrior_rank FROM roguewarrior.warrior WHERE warrior_id = 2113; | 0.000932
2016-08-27 09:46:43: SELECT warrior_name FROM roguewarrior.warrior WHERE warrior_id = 2113; | 0.010429
2016-08-27 09:46:43: SELECT warrior_rank FROM roguewarrior.warrior WHERE warrior_id = 2099; | 0.000983
2016-08-27 09:46:43: SELECT warrior_name FROM roguewarrior.warrior WHERE warrior_id = 2099; | 0.00086
2016-08-27 09:46:43: SELECT warrior_rank FROM roguewarrior.warrior WHERE warrior_id = 2158; | 0.000802
2016-08-27 09:46:43: SELECT warrior_name FROM roguewarrior.warrior WHERE warrior_id = 2158; | 0.00079
2016-08-27 09:46:43: SELECT warrior_rank FROM roguewarrior.warrior WHERE warrior_id = 2142; | 0.000794
2016-08-27 09:46:43: SELECT warrior_name FROM roguewarrior.warrior WHERE warrior_id = 2142; | 0.00089
2016-08-27 09:46:43: SELECT warrior_rank FROM roguewarrior.warrior WHERE warrior_id = 2169; | 0.000847
2016-08-27 09:46:43: SELECT warrior_name FROM roguewarrior.warrior WHERE warrior_id = 2169; | 0.000822
2016-08-27 09:46:43: SELECT warrior_rank FROM roguewarrior.warrior WHERE warrior_id = 2099; | 0.000922
2016-08-27 09:46:43: SELECT warrior_name FROM roguewarrior.warrior WHERE warrior_id = 2099; | 0.000935
2016-08-27 09:46:43: SELECT warrior_rank FROM roguewarrior.warrior WHERE warrior_id = 2159; | 0.000982
2016-08-27 09:46:43: SELECT warrior_name FROM roguewarrior.warrior WHERE warrior_id = 2159; | 0.000815
2016-08-27 09:46:43: SELECT warrior_rank FROM roguewarrior.warrior WHERE warrior_id = 2099; | 0.00088
2016-08-27 09:46:43: SELECT warrior_name FROM roguewarrior.warrior WHERE warrior_id = 2099; | 0.000909
2016-08-27 09:46:43: SELECT warrior_rank FROM roguewarrior.warrior WHERE warrior_id = 2162; | 0.00147
2016-08-27 09:46:43: SELECT warrior_name FROM roguewarrior.warrior WHERE warrior_id = 2162; | 0.001078
2016-08-27 09:46:43: SELECT warrior_rank FROM roguewarrior.warrior WHERE warrior_id = 2099; | 0.011263
2016-08-27 09:46:43: SELECT warrior_name FROM roguewarrior.warrior WHERE warrior_id = 2099; | 0.001489
2016-08-27 09:46:43: SELECT warrior_rank FROM roguewarrior.warrior WHERE warrior_id = 2163; | 0.001183
2016-08-27 09:46:43: SELECT warrior_name FROM roguewarrior.warrior WHERE warrior_id = 2163; | 0.001197
2016-08-27 09:46:43: SELECT warrior_rank FROM roguewarrior.warrior WHERE warrior_id = 2164; | 0.001326
2016-08-27 09:46:43: SELECT warrior_name FROM roguewarrior.warrior WHERE warrior_id = 2164; | 0.0103
2016-08-27 09:46:43: SELECT warrior_rank FROM roguewarrior.warrior WHERE warrior_id = 2161; | 0.001332
2016-08-27 09:46:43: SELECT warrior_name FROM roguewarrior.warrior WHERE warrior_id = 2161; | 0.010026
2016-08-27 09:46:43: SELECT warrior_rank FROM roguewarrior.warrior WHERE warrior_id = 2110; | 0.011058
2016-08-27 09:46:43: SELECT warrior_name FROM roguewarrior.warrior WHERE warrior_id = 2110; | 0.012046
2016-08-27 09:46:43: SELECT warrior_rank FROM roguewarrior.warrior WHERE warrior_id = 2132; | 0.011216
2016-08-27 09:46:43: SELECT warrior_name FROM roguewarrior.warrior WHERE warrior_id = 2132; | 0.011433
2016-08-27 09:46:43: SELECT warrior_rank FROM roguewarrior.warrior WHERE warrior_id = 2159; | 0.002378
2016-08-27 09:46:43: SELECT warrior_name FROM roguewarrior.warrior WHERE warrior_id = 2159; | 0.010708
2016-08-27 09:46:43: SELECT warrior_rank FROM roguewarrior.warrior WHERE warrior_id = 2043; | 0.011513
2016-08-27 09:46:43: SELECT warrior_name FROM roguewarrior.warrior WHERE warrior_id = 2043; | 0.002223
2016-08-27 09:46:43: SELECT warrior_rank FROM roguewarrior.warrior WHERE warrior_id = 2110; | 0.010824
2016-08-27 09:46:43: SELECT warrior_name FROM roguewarrior.warrior WHERE warrior_id = 2110; | 0.011398
2016-08-27 09:46:43: SELECT warrior_rank FROM roguewarrior.warrior WHERE warrior_id = 2156; | 0.010715
2016-08-27 09:46:43: SELECT warrior_name FROM roguewarrior.warrior WHERE warrior_id = 2156; | 0.011552
2016-08-27 09:48:41: SELECT * FROM roguewarrior.results ORDER BY fight_id DESC LIMIT 50; | 0.002232
2016-08-27 09:48:41: SELECT warrior_rank FROM roguewarrior.warrior WHERE warrior_id = 2190; | 0.010533
2016-08-27 09:48:41: SELECT warrior_name FROM roguewarrior.warrior WHERE warrior_id = 2190; | 0.010684
2016-08-27 09:48:41: SELECT warrior_rank FROM roguewarrior.warrior WHERE warrior_id = 2205; | 0.010831
2016-08-27 09:48:41: SELECT warrior_name FROM roguewarrior.warrior WHERE warrior_id = 2205; | 0.01071
2016-08-27 09:48:41: SELECT warrior_rank FROM roguewarrior.warrior WHERE warrior_id = 2208; | 0.010631
2016-08-27 09:48:41: SELECT warrior_name FROM roguewarrior.warrior WHERE warrior_id = 2208; | 0.001228
2016-08-27 09:48:41: SELECT warrior_rank FROM roguewarrior.warrior WHERE warrior_id = 1799; | 0.010484
2016-08-27 09:48:41: SELECT warrior_name FROM roguewarrior.warrior WHERE warrior_id = 1799; | 0.010696
2016-08-27 09:48:41: SELECT warrior_rank FROM roguewarrior.warrior WHERE warrior_id = 2099; | 0.011261
2016-08-27 09:48:41: SELECT warrior_name FROM roguewarrior.warrior WHERE warrior_id = 2099; | 0.0026309999999999
2016-08-27 09:48:41: SELECT warrior_rank FROM roguewarrior.warrior WHERE warrior_id = 2134; | 0.012349
2016-08-27 09:48:41: SELECT warrior_name FROM roguewarrior.warrior WHERE warrior_id = 2134; | 0.011634
2016-08-27 09:48:41: SELECT warrior_rank FROM roguewarrior.warrior WHERE warrior_id = 2205; | 0.01143
2016-08-27 09:48:41: SELECT warrior_name FROM roguewarrior.warrior WHERE warrior_id = 2205; | 0.011477
2016-08-27 09:48:41: SELECT warrior_rank FROM roguewarrior.warrior WHERE warrior_id = 2203; | 0.0025780000000001
2016-08-27 09:48:41: SELECT warrior_name FROM roguewarrior.warrior WHERE warrior_id = 2203; | 0.0024139999999999
2016-08-27 09:48:41: SELECT warrior_rank FROM roguewarrior.warrior WHERE warrior_id = 2197; | 0.0023909999999999
2016-08-27 09:48:41: SELECT warrior_name FROM roguewarrior.warrior WHERE warrior_id = 2197; | 0.002372
2016-08-27 09:48:41: SELECT warrior_rank FROM roguewarrior.warrior WHERE warrior_id = 2181; | 0.002815
2016-08-27 09:48:41: SELECT warrior_name FROM roguewarrior.warrior WHERE warrior_id = 2181; | 0.002853
2016-08-27 09:48:41: SELECT warrior_rank FROM roguewarrior.warrior WHERE warrior_id = 2201; | 0.0025259999999999
2016-08-27 09:48:41: SELECT warrior_name FROM roguewarrior.warrior WHERE warrior_id = 2201; | 0.0024930000000001
2016-08-27 09:48:41: SELECT warrior_rank FROM roguewarrior.warrior WHERE warrior_id = 2151; | 0.002406
2016-08-27 09:48:41: SELECT warrior_name FROM roguewarrior.warrior WHERE warrior_id = 2151; | 0.0025539999999999
2016-08-27 09:48:41: SELECT warrior_rank FROM roguewarrior.warrior WHERE warrior_id = 2188; | 0.0027
2016-08-27 09:48:41: SELECT warrior_name FROM roguewarrior.warrior WHERE warrior_id = 2188; | 0.001198
2016-08-27 09:48:41: SELECT warrior_rank FROM roguewarrior.warrior WHERE warrior_id = 2189; | 0.010089
2016-08-27 09:48:41: SELECT warrior_name FROM roguewarrior.warrior WHERE warrior_id = 2189; | 0.010722
2016-08-27 09:48:41: SELECT warrior_rank FROM roguewarrior.warrior WHERE warrior_id = 2190; | 0.01081
2016-08-27 09:48:42: SELECT warrior_name FROM roguewarrior.warrior WHERE warrior_id = 2190; | -0.998882
2016-08-27 09:48:42: SELECT warrior_rank FROM roguewarrior.warrior WHERE warrior_id = 2164; | 0.010588
2016-08-27 09:48:42: SELECT warrior_name FROM roguewarrior.warrior WHERE warrior_id = 2164; | 0.001061
2016-08-27 09:48:42: SELECT warrior_rank FROM roguewarrior.warrior WHERE warrior_id = 2197; | 0.001102
2016-08-27 09:48:42: SELECT warrior_name FROM roguewarrior.warrior WHERE warrior_id = 2197; | 0.00119
2016-08-27 09:48:42: SELECT warrior_rank FROM roguewarrior.warrior WHERE warrior_id = 2178; | 0.010566
2016-08-27 09:48:42: SELECT warrior_name FROM roguewarrior.warrior WHERE warrior_id = 2178; | 0.009966
2016-08-27 09:48:42: SELECT warrior_rank FROM roguewarrior.warrior WHERE warrior_id = 2201; | 0.010894
2016-08-27 09:48:42: SELECT warrior_name FROM roguewarrior.warrior WHERE warrior_id = 2201; | 0.010518
2016-08-27 09:48:42: SELECT warrior_rank FROM roguewarrior.warrior WHERE warrior_id = 2195; | 0.009947
2016-08-27 09:48:42: SELECT warrior_name FROM roguewarrior.warrior WHERE warrior_id = 2195; | 0.010743
2016-08-27 09:48:42: SELECT warrior_rank FROM roguewarrior.warrior WHERE warrior_id = 1799; | 0.011104
2016-08-27 09:48:42: SELECT warrior_name FROM roguewarrior.warrior WHERE warrior_id = 1799; | 0.011692
2016-08-27 09:48:42: SELECT warrior_rank FROM roguewarrior.warrior WHERE warrior_id = 2157; | 0.002148
2016-08-27 09:48:42: SELECT warrior_name FROM roguewarrior.warrior WHERE warrior_id = 2157; | 0.001941
2016-08-27 09:48:42: SELECT warrior_rank FROM roguewarrior.warrior WHERE warrior_id = 2144; | 0.012557
2016-08-27 09:48:42: SELECT warrior_name FROM roguewarrior.warrior WHERE warrior_id = 2144; | 0.012437
2016-08-27 09:48:42: SELECT warrior_rank FROM roguewarrior.warrior WHERE warrior_id = 2194; | 0.004152
2016-08-27 09:48:42: SELECT warrior_name FROM roguewarrior.warrior WHERE warrior_id = 2194; | 0.013608
2016-08-27 09:48:42: SELECT warrior_rank FROM roguewarrior.warrior WHERE warrior_id = 2185; | 0.012899
2016-08-27 09:48:42: SELECT warrior_name FROM roguewarrior.warrior WHERE warrior_id = 2185; | 0.012463
2016-08-27 09:48:42: SELECT warrior_rank FROM roguewarrior.warrior WHERE warrior_id = 2198; | 0.013038
2016-08-27 09:48:42: SELECT warrior_name FROM roguewarrior.warrior WHERE warrior_id = 2198; | 0.012263
2016-08-27 09:48:42: SELECT warrior_rank FROM roguewarrior.warrior WHERE warrior_id = 2157; | 0.012941
2016-08-27 09:48:42: SELECT warrior_name FROM roguewarrior.warrior WHERE warrior_id = 2157; | 0.003971
2016-08-27 09:48:42: SELECT warrior_rank FROM roguewarrior.warrior WHERE warrior_id = 2184; | 0.012443
2016-08-27 09:48:42: SELECT warrior_name FROM roguewarrior.warrior WHERE warrior_id = 2184; | 0.014072
2016-08-27 09:48:42: SELECT warrior_rank FROM roguewarrior.warrior WHERE warrior_id = 1946; | 0.004084
2016-08-27 09:48:42: SELECT warrior_name FROM roguewarrior.warrior WHERE warrior_id = 1946; | 0.004154
2016-08-27 09:48:42: SELECT warrior_rank FROM roguewarrior.warrior WHERE warrior_id = 2179; | 0.012948
2016-08-27 09:48:42: SELECT warrior_name FROM roguewarrior.warrior WHERE warrior_id = 2179; | 0.012987
2016-08-27 09:48:42: SELECT warrior_rank FROM roguewarrior.warrior WHERE warrior_id = 2185; | 0.003984
2016-08-27 09:48:42: SELECT warrior_name FROM roguewarrior.warrior WHERE warrior_id = 2185; | 0.013229
2016-08-27 09:48:42: SELECT warrior_rank FROM roguewarrior.warrior WHERE warrior_id = 2168; | 0.013043
2016-08-27 09:48:42: SELECT warrior_name FROM roguewarrior.warrior WHERE warrior_id = 2168; | 0.004717
2016-08-27 09:48:42: SELECT warrior_rank FROM roguewarrior.warrior WHERE warrior_id = 2181; | 0.0040289999999999
2016-08-27 09:48:42: SELECT warrior_name FROM roguewarrior.warrior WHERE warrior_id = 2181; | 0.0039600000000001
2016-08-27 09:48:42: SELECT warrior_rank FROM roguewarrior.warrior WHERE warrior_id = 2191; | 0.0022040000000001
2016-08-27 09:48:42: SELECT warrior_name FROM roguewarrior.warrior WHERE warrior_id = 2191; | 0.001835
2016-08-27 09:48:42: SELECT warrior_rank FROM roguewarrior.warrior WHERE warrior_id = 2144; | 0.00191
2016-08-27 09:48:42: SELECT warrior_name FROM roguewarrior.warrior WHERE warrior_id = 2144; | 0.010459
2016-08-27 09:48:42: SELECT warrior_rank FROM roguewarrior.warrior WHERE warrior_id = 2175; | 0.010718
2016-08-27 09:48:42: SELECT warrior_name FROM roguewarrior.warrior WHERE warrior_id = 2175; | 0.010607
2016-08-27 09:48:42: SELECT warrior_rank FROM roguewarrior.warrior WHERE warrior_id = 2185; | 0.011669
2016-08-27 09:48:42: SELECT warrior_name FROM roguewarrior.warrior WHERE warrior_id = 2185; | 0.013141
2016-08-27 09:48:42: SELECT warrior_rank FROM roguewarrior.warrior WHERE warrior_id = 2085; | 0.004103
2016-08-27 09:48:42: SELECT warrior_name FROM roguewarrior.warrior WHERE warrior_id = 2085; | 0.013739
2016-08-27 09:48:42: SELECT warrior_rank FROM roguewarrior.warrior WHERE warrior_id = 2085; | 0.012669
2016-08-27 09:48:42: SELECT warrior_name FROM roguewarrior.warrior WHERE warrior_id = 2085; | 0.003938
2016-08-27 09:48:42: SELECT warrior_rank FROM roguewarrior.warrior WHERE warrior_id = 2177; | 0.012213
2016-08-27 09:48:42: SELECT warrior_name FROM roguewarrior.warrior WHERE warrior_id = 2177; | 0.013037
2016-08-27 09:48:42: SELECT warrior_rank FROM roguewarrior.warrior WHERE warrior_id = 2168; | 0.012241
2016-08-27 09:48:42: SELECT warrior_name FROM roguewarrior.warrior WHERE warrior_id = 2168; | 0.013246
2016-08-27 09:48:42: SELECT warrior_rank FROM roguewarrior.warrior WHERE warrior_id = 2176; | 0.012967
2016-08-27 09:48:42: SELECT warrior_name FROM roguewarrior.warrior WHERE warrior_id = 2176; | 0.014008
2016-08-27 09:48:42: SELECT warrior_rank FROM roguewarrior.warrior WHERE warrior_id = 2085; | 0.013981
2016-08-27 09:48:42: SELECT warrior_name FROM roguewarrior.warrior WHERE warrior_id = 2085; | 0.004328
2016-08-27 09:48:42: SELECT warrior_rank FROM roguewarrior.warrior WHERE warrior_id = 2182; | 0.01282
2016-08-27 09:48:42: SELECT warrior_name FROM roguewarrior.warrior WHERE warrior_id = 2182; | 0.004003
2016-08-27 09:48:42: SELECT warrior_rank FROM roguewarrior.warrior WHERE warrior_id = 2157; | 0.003956
2016-08-27 09:48:42: SELECT warrior_name FROM roguewarrior.warrior WHERE warrior_id = 2157; | 0.004798
2016-08-27 09:48:42: SELECT warrior_rank FROM roguewarrior.warrior WHERE warrior_id = 2187; | 0.012214
2016-08-27 09:48:42: SELECT warrior_name FROM roguewarrior.warrior WHERE warrior_id = 2187; | 0.011618
2016-08-27 09:48:42: SELECT warrior_rank FROM roguewarrior.warrior WHERE warrior_id = 2188; | 0.012368
2016-08-27 09:48:42: SELECT warrior_name FROM roguewarrior.warrior WHERE warrior_id = 2188; | 0.012344
2016-08-27 09:48:42: SELECT warrior_rank FROM roguewarrior.warrior WHERE warrior_id = 2171; | 0.0020669999999999
2016-08-27 09:48:42: SELECT warrior_name FROM roguewarrior.warrior WHERE warrior_id = 2171; | 0.011107
2016-08-27 09:48:42: SELECT warrior_rank FROM roguewarrior.warrior WHERE warrior_id = 2184; | 0.01145
2016-08-27 09:48:42: SELECT warrior_name FROM roguewarrior.warrior WHERE warrior_id = 2184; | 0.011732
2016-08-27 09:48:42: SELECT warrior_rank FROM roguewarrior.warrior WHERE warrior_id = 2186; | 0.0019749999999999
2016-08-27 09:48:42: SELECT warrior_name FROM roguewarrior.warrior WHERE warrior_id = 2186; | 0.011113
2016-08-27 09:48:42: SELECT warrior_rank FROM roguewarrior.warrior WHERE warrior_id = 2185; | 0.011513
2016-08-27 09:48:42: SELECT warrior_name FROM roguewarrior.warrior WHERE warrior_id = 2185; | 0.011611
2016-08-27 09:48:42: SELECT warrior_rank FROM roguewarrior.warrior WHERE warrior_id = 2110; | 0.0020380000000001
2016-08-27 09:48:42: SELECT warrior_name FROM roguewarrior.warrior WHERE warrior_id = 2110; | 0.0022990000000001
2016-08-27 09:48:42: SELECT warrior_rank FROM roguewarrior.warrior WHERE warrior_id = 2110; | 0.0021760000000001
2016-08-27 09:48:42: SELECT warrior_name FROM roguewarrior.warrior WHERE warrior_id = 2110; | 0.002075
2016-08-27 09:48:42: SELECT warrior_rank FROM roguewarrior.warrior WHERE warrior_id = 2167; | 0.011116
2016-08-27 09:48:42: SELECT warrior_name FROM roguewarrior.warrior WHERE warrior_id = 2167; | 0.0021209999999999
2016-08-27 09:48:42: SELECT warrior_rank FROM roguewarrior.warrior WHERE warrior_id = 2144; | 0.010505
2016-08-27 09:48:43: SELECT warrior_name FROM roguewarrior.warrior WHERE warrior_id = 2144; | -0.989299
2016-08-27 09:48:43: SELECT warrior_rank FROM roguewarrior.warrior WHERE warrior_id = 2183; | 0.011758
2016-08-27 09:48:43: SELECT warrior_name FROM roguewarrior.warrior WHERE warrior_id = 2183; | 0.012998
2016-08-27 09:48:43: SELECT warrior_rank FROM roguewarrior.warrior WHERE warrior_id = 2110; | 0.012923
2016-08-27 09:48:43: SELECT warrior_name FROM roguewarrior.warrior WHERE warrior_id = 2110; | 0.012788
2016-08-27 09:48:43: SELECT warrior_rank FROM roguewarrior.warrior WHERE warrior_id = 2160; | 0.012274
2016-08-27 09:48:43: SELECT warrior_name FROM roguewarrior.warrior WHERE warrior_id = 2160; | 0.013091
2016-08-27 09:48:43: SELECT warrior_rank FROM roguewarrior.warrior WHERE warrior_id = 2175; | 0.004058
2016-08-27 09:48:43: SELECT warrior_name FROM roguewarrior.warrior WHERE warrior_id = 2175; | 0.01298
2016-08-27 09:48:43: SELECT warrior_rank FROM roguewarrior.warrior WHERE warrior_id = 2170; | 0.012256
2016-08-27 09:48:43: SELECT warrior_name FROM roguewarrior.warrior WHERE warrior_id = 2170; | 0.012493
2016-08-27 09:48:43: SELECT warrior_rank FROM roguewarrior.warrior WHERE warrior_id = 2142; | 0.01116
2016-08-27 09:48:43: SELECT warrior_name FROM roguewarrior.warrior WHERE warrior_id = 2142; | 0.011516
2016-08-27 09:48:43: SELECT warrior_rank FROM roguewarrior.warrior WHERE warrior_id = 2180; | 0.012071
2016-08-27 09:48:43: SELECT warrior_name FROM roguewarrior.warrior WHERE warrior_id = 2180; | 0.013133
2016-08-27 09:48:43: SELECT warrior_rank FROM roguewarrior.warrior WHERE warrior_id = 2164; | 0.013594
2016-08-27 09:48:43: SELECT warrior_name FROM roguewarrior.warrior WHERE warrior_id = 2164; | 0.01362
2016-08-27 09:48:43: SELECT warrior_rank FROM roguewarrior.warrior WHERE warrior_id = 2172; | 0.012344
2016-08-27 09:48:43: SELECT warrior_name FROM roguewarrior.warrior WHERE warrior_id = 2172; | 0.01289
2016-08-27 09:48:43: SELECT warrior_rank FROM roguewarrior.warrior WHERE warrior_id = 2176; | 0.013482
2016-08-27 09:48:43: SELECT warrior_name FROM roguewarrior.warrior WHERE warrior_id = 2176; | 0.013623
2016-08-27 09:48:43: SELECT warrior_rank FROM roguewarrior.warrior WHERE warrior_id = 2146; | 0.013223
2016-08-27 09:48:43: SELECT warrior_name FROM roguewarrior.warrior WHERE warrior_id = 2146; | 0.004534
2016-08-27 09:48:43: SELECT warrior_rank FROM roguewarrior.warrior WHERE warrior_id = 2085; | 0.004006
2016-08-27 09:48:43: SELECT warrior_name FROM roguewarrior.warrior WHERE warrior_id = 2085; | 0.012931
2016-08-27 09:48:43: SELECT warrior_rank FROM roguewarrior.warrior WHERE warrior_id = 2173; | 0.003936
2016-08-27 09:48:43: SELECT warrior_name FROM roguewarrior.warrior WHERE warrior_id = 2173; | 0.004797
2016-08-27 09:48:43: SELECT warrior_rank FROM roguewarrior.warrior WHERE warrior_id = 2168; | 0.002225
2016-08-27 09:48:43: SELECT warrior_name FROM roguewarrior.warrior WHERE warrior_id = 2168; | 0.001905
2016-08-27 09:48:43: SELECT warrior_rank FROM roguewarrior.warrior WHERE warrior_id = 2174; | 0.00189
2016-08-27 09:48:43: SELECT warrior_name FROM roguewarrior.warrior WHERE warrior_id = 2174; | 0.002021
2016-08-27 09:48:43: SELECT warrior_rank FROM roguewarrior.warrior WHERE warrior_id = 1900; | 0.011072
2016-08-27 09:48:43: SELECT warrior_name FROM roguewarrior.warrior WHERE warrior_id = 1900; | 0.011265
2016-08-27 09:48:43: SELECT warrior_rank FROM roguewarrior.warrior WHERE warrior_id = 2165; | 0.010726
2016-08-27 09:48:43: SELECT warrior_name FROM roguewarrior.warrior WHERE warrior_id = 2165; | 0.001487
2016-08-27 09:48:43: SELECT warrior_rank FROM roguewarrior.warrior WHERE warrior_id = 2168; | 0.001785
2016-08-27 09:48:43: SELECT warrior_name FROM roguewarrior.warrior WHERE warrior_id = 2168; | 0.001407
2016-08-27 09:48:43: SELECT warrior_rank FROM roguewarrior.warrior WHERE warrior_id = 2166; | 0.001404
2016-08-27 09:48:43: SELECT warrior_name FROM roguewarrior.warrior WHERE warrior_id = 2166; | 0.001267
2016-08-27 09:48:43: SELECT warrior_rank FROM roguewarrior.warrior WHERE warrior_id = 2168; | 0.001289
2016-08-27 09:48:43: SELECT warrior_name FROM roguewarrior.warrior WHERE warrior_id = 2168; | 0.009995
2016-08-27 09:48:43: SELECT warrior_rank FROM roguewarrior.warrior WHERE warrior_id = 2149; | 0.001138
2016-08-27 09:48:43: SELECT warrior_name FROM roguewarrior.warrior WHERE warrior_id = 2149; | 0.001098
2016-08-27 09:48:43: SELECT warrior_rank FROM roguewarrior.warrior WHERE warrior_id = 2173; | 0.010885
2016-08-27 09:48:43: SELECT warrior_name FROM roguewarrior.warrior WHERE warrior_id = 2173; | 0.001167
2016-08-27 09:48:43: SELECT warrior_rank FROM roguewarrior.warrior WHERE warrior_id = 2118; | 0.000919
2016-08-27 09:48:43: SELECT warrior_name FROM roguewarrior.warrior WHERE warrior_id = 2118; | 0.00086499999999995
2016-08-27 09:48:43: SELECT warrior_rank FROM roguewarrior.warrior WHERE warrior_id = 2142; | 0.00094299999999997
2016-08-27 09:48:43: SELECT warrior_name FROM roguewarrior.warrior WHERE warrior_id = 2142; | 0.00087599999999999
2016-08-27 09:48:43: SELECT warrior_rank FROM roguewarrior.warrior WHERE warrior_id = 2139; | 0.00084400000000001
2016-08-27 09:48:43: SELECT warrior_name FROM roguewarrior.warrior WHERE warrior_id = 2139; | 0.001042
2016-08-27 09:48:43: SELECT warrior_rank FROM roguewarrior.warrior WHERE warrior_id = 2160; | 0.001044
2016-08-27 09:48:43: SELECT warrior_name FROM roguewarrior.warrior WHERE warrior_id = 2160; | 0.00097999999999998
2016-08-27 09:48:43: SELECT warrior_rank FROM roguewarrior.warrior WHERE warrior_id = 2113; | 0.00091999999999998
2016-08-27 09:48:43: SELECT warrior_name FROM roguewarrior.warrior WHERE warrior_id = 2113; | 0.00096199999999996
2016-08-27 09:48:43: SELECT warrior_rank FROM roguewarrior.warrior WHERE warrior_id = 2099; | 0.00087000000000004
2016-08-27 09:48:43: SELECT warrior_name FROM roguewarrior.warrior WHERE warrior_id = 2099; | 0.00089500000000003
2016-08-27 09:48:43: SELECT warrior_rank FROM roguewarrior.warrior WHERE warrior_id = 2158; | 0.00090299999999999
2016-08-27 09:48:43: SELECT warrior_name FROM roguewarrior.warrior WHERE warrior_id = 2158; | 0.010154
2016-08-27 09:48:43: SELECT warrior_rank FROM roguewarrior.warrior WHERE warrior_id = 2142; | 0.000969
2016-08-27 09:48:43: SELECT warrior_name FROM roguewarrior.warrior WHERE warrior_id = 2142; | 0.000778
2016-08-27 09:48:43: SELECT warrior_rank FROM roguewarrior.warrior WHERE warrior_id = 2169; | 0.00072700000000003
2016-08-27 09:48:43: SELECT warrior_name FROM roguewarrior.warrior WHERE warrior_id = 2169; | 0.00071300000000002
2016-08-27 09:48:43: SELECT warrior_rank FROM roguewarrior.warrior WHERE warrior_id = 2099; | 0.00071599999999999
2016-08-27 09:48:43: SELECT warrior_name FROM roguewarrior.warrior WHERE warrior_id = 2099; | 0.00070500000000001
2016-08-27 09:48:43: SELECT warrior_rank FROM roguewarrior.warrior WHERE warrior_id = 2159; | 0.00076300000000001
2016-08-27 09:48:43: SELECT warrior_name FROM roguewarrior.warrior WHERE warrior_id = 2159; | 0.00073799999999996
2016-08-27 09:48:43: SELECT warrior_rank FROM roguewarrior.warrior WHERE warrior_id = 2099; | 0.00072300000000003
2016-08-27 09:48:43: SELECT warrior_name FROM roguewarrior.warrior WHERE warrior_id = 2099; | 0.000697
2016-08-27 09:48:43: SELECT warrior_rank FROM roguewarrior.warrior WHERE warrior_id = 2162; | 0.00068600000000002
2016-08-27 09:48:43: SELECT warrior_name FROM roguewarrior.warrior WHERE warrior_id = 2162; | 0.001028
2016-08-27 09:48:43: SELECT warrior_rank FROM roguewarrior.warrior WHERE warrior_id = 2099; | 0.00085200000000002
2016-08-27 09:48:43: SELECT warrior_name FROM roguewarrior.warrior WHERE warrior_id = 2099; | 0.00072099999999997
2016-08-27 09:48:43: SELECT warrior_rank FROM roguewarrior.warrior WHERE warrior_id = 2163; | 0.00069600000000003
2016-08-27 09:48:43: SELECT warrior_name FROM roguewarrior.warrior WHERE warrior_id = 2163; | 0.00072
2016-08-27 09:48:43: SELECT warrior_rank FROM roguewarrior.warrior WHERE warrior_id = 2164; | 0.000724
2016-08-27 09:48:43: SELECT warrior_name FROM roguewarrior.warrior WHERE warrior_id = 2164; | 0.000697
2016-08-27 09:48:43: SELECT warrior_rank FROM roguewarrior.warrior WHERE warrior_id = 2161; | 0.00073099999999998
2016-08-27 09:48:43: SELECT warrior_name FROM roguewarrior.warrior WHERE warrior_id = 2161; | 0.00071300000000002
2016-08-27 09:48:43: SELECT warrior_rank FROM roguewarrior.warrior WHERE warrior_id = 2110; | 0.00069599999999997
2016-08-27 09:48:43: SELECT warrior_name FROM roguewarrior.warrior WHERE warrior_id = 2110; | 0.00070500000000001
2016-08-27 09:48:43: SELECT warrior_rank FROM roguewarrior.warrior WHERE warrior_id = 2132; | 0.00070300000000001
2016-08-27 09:48:43: SELECT warrior_name FROM roguewarrior.warrior WHERE warrior_id = 2132; | 0.00069900000000001
2016-08-27 09:48:43: SELECT warrior_rank FROM roguewarrior.warrior WHERE warrior_id = 2159; | 0.00089100000000003
2016-08-27 09:48:43: SELECT warrior_name FROM roguewarrior.warrior WHERE warrior_id = 2159; | 0.00095100000000004
2016-08-27 09:48:43: SELECT warrior_rank FROM roguewarrior.warrior WHERE warrior_id = 2043; | 0.00101
2016-08-27 09:48:43: SELECT warrior_name FROM roguewarrior.warrior WHERE warrior_id = 2043; | 0.001031
2016-08-27 09:48:43: SELECT warrior_rank FROM roguewarrior.warrior WHERE warrior_id = 2110; | 0.00098599999999999
2016-08-27 09:48:43: SELECT warrior_name FROM roguewarrior.warrior WHERE warrior_id = 2110; | 0.00088300000000002
2016-08-27 09:48:43: SELECT warrior_rank FROM roguewarrior.warrior WHERE warrior_id = 2156; | 0.001072
2016-08-27 09:48:43: SELECT warrior_name FROM roguewarrior.warrior WHERE warrior_id = 2156; | 0.00074799999999997
